\BOOKMARK [1][-]{section.1}{\376\377\000C\000a\000n\000c\000i\000o\000n\000e\000r\000o}{}% 1
\BOOKMARK [2][-]{song1-1.2}{\376\377\0001\000.\000\040\000A\000m\000o\000r\000\040\000E\000t\000e\000r\000n\000o\000\040\000\050\000I\000N\000C\000O\000M\000P\000L\000E\000T\000O\000\051}{section.1}% 2
\BOOKMARK [2][-]{song1-2.2}{\376\377\0002\000.\000\040\000B\000o\000l\000e\000r\000o}{section.1}% 3
\BOOKMARK [2][-]{song1-3.2}{\376\377\0003\000.\000\040\000C\000a\000n\000c\000i\000o\000n\000\040\000d\000e\000\040\000s\000e\000r\000e\000n\000a\000t\000a}{section.1}% 4
\BOOKMARK [2][-]{song1-4.2}{\376\377\0004\000.\000\040\000C\000a\000r\000a\000l\000u\000n\000a\000\040\000\050\000I\000N\000C\000O\000M\000P\000L\000E\000T\000A\000\051}{section.1}% 5
\BOOKMARK [2][-]{song1-5.2}{\376\377\0005\000.\000\040\000C\000e\000r\000c\000a\000\040\000d\000e\000\040\000t\000i}{section.1}% 6
\BOOKMARK [2][-]{song1-6.2}{\376\377\0006\000.\000\040\000D\000e\000\040\000A\000z\000u\000l\000\040\000m\000i\000\040\000C\000o\000r\000a\000z\000\363\000n}{section.1}% 7
\BOOKMARK [2][-]{song1-7.2}{\376\377\0007\000.\000\040\000E\000l\000\040\000t\000o\000r\000o\000\040\000e\000n\000a\000m\000o\000r\000a\000d\000o\000\040\000d\000e\000\040\000l\000a\000\040\000l\000u\000n\000a}{section.1}% 8
\BOOKMARK [2][-]{song1-8.2}{\376\377\0008\000.\000\040\000E\000n\000\040\000l\000a\000\040\000S\000o\000l\000e\000d\000a\000d}{section.1}% 9
\BOOKMARK [2][-]{song1-9.2}{\376\377\0009\000.\000\040\000F\000u\000e\000g\000o\000\040\000B\000a\000j\000o\000\040\000T\000u\000\040\000P\000i\000e\000l}{section.1}% 10
\BOOKMARK [2][-]{song1-10.2}{\376\377\0001\0000\000.\000\040\000L\000a\000\040\000c\000o\000p\000l\000a\000\040\000d\000e\000l\000\040\000r\000o\000n\000d\000a\000d\000o\000r}{section.1}% 11
\BOOKMARK [2][-]{song1-11.2}{\376\377\0001\0001\000.\000\040\000L\000a\000\040\000b\000i\000k\000i\000n\000a}{section.1}% 12
\BOOKMARK [2][-]{song1-12.2}{\376\377\0001\0002\000.\000\040\000M\000o\000l\000i\000e\000n\000d\000o\000\040\000c\000a\000f\000\351}{section.1}% 13
\BOOKMARK [2][-]{song1-13.2}{\376\377\0001\0003\000.\000\040\000O\000j\000o\000s\000\040\000E\000s\000p\000a\000\361\000o\000l\000e\000s}{section.1}% 14
\BOOKMARK [2][-]{song1-14.2}{\376\377\0001\0004\000.\000\040\000P\000a\000r\000a\000\040\000m\000i}{section.1}% 15
\BOOKMARK [2][-]{song1-15.2}{\376\377\0001\0005\000.\000\040\000P\000a\000s\000t\000o\000r\000c\000i\000l\000l\000o}{section.1}% 16
\BOOKMARK [2][-]{song1-16.2}{\376\377\0001\0006\000.\000\040\000P\000r\000e\000g\000\363\000n}{section.1}% 17
\BOOKMARK [2][-]{song1-17.2}{\376\377\0001\0007\000.\000\040\000P\000r\000o\000m\000e\000t\000o}{section.1}% 18
\BOOKMARK [2][-]{song1-18.2}{\376\377\0001\0008\000.\000\040\000S\000i\000n\000\040\000t\000i\000\040\000-\000\040\000D\000o\000n\000a\000t\000o\000\040\000y\000\040\000E\000s\000t\000e\000f\000a\000n\000o\000\040\000\050\000I\000N\000C\000O\000M\000P\000L\000E\000T\000A\000\051}{section.1}% 19
\BOOKMARK [2][-]{song1-19.2}{\376\377\0001\0009\000.\000\040\000S\000o\000l\000o\000\040\000a\000\040\000T\000\355}{section.1}% 20
\BOOKMARK [2][-]{song1-20.2}{\376\377\0002\0000\000.\000\040\000T\000e\000\040\000m\000a\000n\000d\000o\000\040\000f\000l\000o\000r\000e\000s}{section.1}% 21
\BOOKMARK [2][-]{song1-21.2}{\376\377\0002\0001\000.\000\040\000T\000e\000\040\000q\000u\000i\000e\000r\000o\000\040\000b\000o\000n\000i\000t\000a}{section.1}% 22
\BOOKMARK [2][-]{song1-22.2}{\376\377\0002\0002\000.\000\040\000T\000e\000\040\000v\000o\000y\000\040\000a\000\040\000r\000o\000b\000a\000r\000\040\000e\000l\000\040\000c\000o\000r\000a\000z\000\363\000n}{section.1}% 23
\BOOKMARK [2][-]{song1-23.2}{\376\377\0002\0003\000.\000\040\000V\000i\000n\000o\000\040\000t\000i\000n\000t\000o}{section.1}% 24
\BOOKMARK [2][-]{song1-24.2}{\376\377\0002\0004\000.\000\040\000Y\000a\000\040\000l\000o\000\040\000s\000\351\000\040\000q\000u\000e\000\040\000t\000u\000\040\000t\000e\000\040\000v\000a\000s}{section.1}% 25
\BOOKMARK [1][-]{section.2}{\376\377\000B\000a\000j\000e\000o\000s}{}% 26
\BOOKMARK [2][-]{subsection.2.1}{\376\377\000B\000a\000j\000e\000o\000\040\000d\000e\000\040\000e\000j\000e\000m\000p\000l\000o}{section.2}% 27
\BOOKMARK [1][-]{section.3}{\376\377\000R\000a\000s\000g\000u\000e\000o\000s}{}% 28
\BOOKMARK [2][-]{subsection.3.1}{\376\377\000R\000a\000s\000g\000u\000e\000o\000\040\000d\000e\000\040\000e\000j\000e\000m\000p\000l\000o}{section.3}% 29
